<?xml version="1.0" encoding="UTF-8"?>
<testsuite name="vn.elca.training.dao.IProjectRepositoryTest" time="0.448" tests="2" errors="1" skipped="0" failures="1">
  <properties>
[...]
</properties>
  <testcase name="testCountAll" classname="vn.elca.training.dao.IProjectRepositoryTest" time="0.026">
    <failure message="expected:&lt;4&gt; but was:&lt;0&gt;" type="java.lang.AssertionError"><![CDATA[java.lang.AssertionError: expected:<4> but was:<0>
	at org.junit.Assert.fail(Assert.java:88)
	at org.junit.Assert.failNotEquals(Assert.java:834)
	at org.junit.Assert.assertEquals(Assert.java:645)
	at org.junit.Assert.assertEquals(Assert.java:631)
	at vn.elca.training.dao.IProjectRepositoryTest.testCountAll(IProjectRepositoryTest.java:37)
]]></failure>
    <system-out><![CDATA[16:30:10.432 [main] DEBUG o.s.t.c.j.SpringJUnit4ClassRunner - SpringJUnit4ClassRunner constructor called with [class vn.elca.training.dao.IProjectRepositoryTest].
16:30:10.453 [main] DEBUG o.s.test.context.BootstrapUtils - Instantiating TestContextBootstrapper from class [org.springframework.test.context.support.DefaultTestContextBootstrapper]
16:30:10.470 [main] DEBUG o.s.t.c.s.DefaultTestContextBootstrapper - Found explicit ContextLoader class [org.springframework.boot.test.SpringApplicationContextLoader] for context configuration attributes [ContextConfigurationAttributes@370736d9 declaringClass = 'vn.elca.training.dao.IProjectRepositoryTest', classes = '{class vn.elca.training.ApplicationLauncher}', locations = '{}', inheritLocations = true, initializers = '{}', inheritInitializers = true, name = [null], contextLoaderClass = 'org.springframework.boot.test.SpringApplicationContextLoader']
16:30:10.479 [main] DEBUG o.s.t.c.support.ActiveProfilesUtils - Could not find an 'annotation declaring class' for annotation type [org.springframework.test.context.ActiveProfiles] and class [vn.elca.training.dao.IProjectRepositoryTest]
16:30:10.484 [main] DEBUG o.s.t.c.s.DefaultTestContextBootstrapper - @TestExecutionListeners is not present for class [vn.elca.training.dao.IProjectRepositoryTest]: using defaults.
16:30:10.493 [main] INFO  o.s.t.c.s.DefaultTestContextBootstrapper - Loaded default TestExecutionListener class names from location [META-INF/spring.factories]: [org.springframework.test.context.web.ServletTestExecutionListener, org.springframework.test.context.support.DependencyInjectionTestExecutionListener, org.springframework.test.context.support.DirtiesContextTestExecutionListener, org.springframework.test.context.transaction.TransactionalTestExecutionListener, org.springframework.test.context.jdbc.SqlScriptsTestExecutionListener]
16:30:10.517 [main] INFO  o.s.t.c.s.DefaultTestContextBootstrapper - Using TestExecutionListeners: [org.springframework.test.context.web.ServletTestExecutionListener@467aecef, org.springframework.test.context.support.DependencyInjectionTestExecutionListener@4d50efb8, org.springframework.test.context.support.DirtiesContextTestExecutionListener@7e2d773b, org.springframework.test.context.transaction.TransactionalTestExecutionListener@2173f6d9, org.springframework.test.context.jdbc.SqlScriptsTestExecutionListener@307f6b8c]
16:30:10.519 [main] DEBUG o.s.t.annotation.ProfileValueUtils - Retrieved @ProfileValueSourceConfiguration [null] for test class [vn.elca.training.dao.IProjectRepositoryTest]
16:30:10.520 [main] DEBUG o.s.t.annotation.ProfileValueUtils - Retrieved ProfileValueSource type [class org.springframework.test.annotation.SystemProfileValueSource] for class [vn.elca.training.dao.IProjectRepositoryTest]
16:30:10.520 [main] DEBUG o.s.t.annotation.ProfileValueUtils - Retrieved @ProfileValueSourceConfiguration [null] for test class [vn.elca.training.dao.IProjectRepositoryTest]
16:30:10.521 [main] DEBUG o.s.t.annotation.ProfileValueUtils - Retrieved ProfileValueSource type [class org.springframework.test.annotation.SystemProfileValueSource] for class [vn.elca.training.dao.IProjectRepositoryTest]
16:30:10.524 [main] DEBUG o.s.t.annotation.ProfileValueUtils - Retrieved @ProfileValueSourceConfiguration [null] for test class [vn.elca.training.dao.IProjectRepositoryTest]
16:30:10.524 [main] DEBUG o.s.t.annotation.ProfileValueUtils - Retrieved ProfileValueSource type [class org.springframework.test.annotation.SystemProfileValueSource] for class [vn.elca.training.dao.IProjectRepositoryTest]
16:30:10.526 [main] DEBUG o.s.t.c.s.DependencyInjectionTestExecutionListener - Performing dependency injection for test context [[DefaultTestContext@4abdb505 testClass = IProjectRepositoryTest, testInstance = vn.elca.training.dao.IProjectRepositoryTest@7ce6a65d, testMethod = [null], testException = [null], mergedContextConfiguration = [MergedContextConfiguration@1500955a testClass = IProjectRepositoryTest, locations = '{}', classes = '{class vn.elca.training.ApplicationLauncher}', contextInitializerClasses = '[]', activeProfiles = '{}', propertySourceLocations = '{}', propertySourceProperties = '{}', contextLoader = 'org.springframework.boot.test.SpringApplicationContextLoader', parent = [null]]]].
16:30:10.592 [main] DEBUG o.s.core.env.StandardEnvironment - Adding [systemProperties] PropertySource with lowest search precedence
16:30:10.593 [main] DEBUG o.s.core.env.StandardEnvironment - Adding [systemEnvironment] PropertySource with lowest search precedence
16:30:10.593 [main] DEBUG o.s.core.env.StandardEnvironment - Initialized StandardEnvironment with PropertySources [systemProperties,systemEnvironment]
16:30:10.594 [main] DEBUG o.s.core.env.StandardEnvironment - Adding [integrationTest] PropertySource with search precedence immediately lower than [systemEnvironment]

  .   ____          _            __ _ _
 /\\ / ___'_ __ _ _(_)_ __  __ _ \ \ \ \
( ( )\___ | '_ | '_| | '_ \/ _` | \ \ \ \
 \\/  ___)| |_)| | | | | || (_| |  ) ) ) )
  '  |____| .__|_| |_|_| |_\__, | / / / /
 =========|_|==============|___/=/_/_/_/
 :: Spring Boot ::        (v1.2.6.RELEASE)

2015-10-15 16:30:10.816  INFO 1320 --- [           main] v.e.training.dao.IProjectRepositoryTest  : Starting IProjectRepositoryTest on PC15283 with PID 1320 (D:\eclipse-workspace\project\on-boarding-exercise\target\test-classes started by ilt in D:\eclipse-workspace\project\on-boarding-exercise)
2015-10-15 16:30:10.875  INFO 1320 --- [           main] s.c.a.AnnotationConfigApplicationContext : Refreshing org.springframework.context.annotation.AnnotationConfigApplicationContext@1139b2f3: startup date [Thu Oct 15 16:30:10 ICT 2015]; root of context hierarchy
2015-10-15 16:30:12.765  INFO 1320 --- [           main] j.LocalContainerEntityManagerFactoryBean : Building JPA container EntityManagerFactory for persistence unit 'default'
2015-10-15 16:30:12.792  INFO 1320 --- [           main] o.hibernate.jpa.internal.util.LogHelper  : HHH000204: Processing PersistenceUnitInfo [
	name: default
	...]
2015-10-15 16:30:12.884  INFO 1320 --- [           main] org.hibernate.Version                    : HHH000412: Hibernate Core {4.3.11.Final}
2015-10-15 16:30:12.886  INFO 1320 --- [           main] org.hibernate.cfg.Environment            : HHH000206: hibernate.properties not found
2015-10-15 16:30:12.889  INFO 1320 --- [           main] org.hibernate.cfg.Environment            : HHH000021: Bytecode provider name : javassist
2015-10-15 16:30:13.199  INFO 1320 --- [           main] o.hibernate.annotations.common.Version   : HCANN000001: Hibernate Commons Annotations {4.0.5.Final}
2015-10-15 16:30:13.299  INFO 1320 --- [           main] org.hibernate.dialect.Dialect            : HHH000400: Using dialect: org.hibernate.dialect.H2Dialect
2015-10-15 16:30:13.448  INFO 1320 --- [           main] o.h.h.i.ast.ASTQueryTranslatorFactory    : HHH000397: Using ASTQueryTranslatorFactory
2015-10-15 16:30:13.821  INFO 1320 --- [           main] org.hibernate.tool.hbm2ddl.SchemaExport  : HHH000227: Running hbm2ddl schema export
2015-10-15 16:30:13.824 DEBUG 1320 --- [           main] org.hibernate.SQL                        : drop table project if exists
2015-10-15 16:30:13.825 DEBUG 1320 --- [           main] org.hibernate.SQL                        : create table project (id bigint generated by default as identity, finishing_date timestamp, name varchar(255) not null, primary key (id))
2015-10-15 16:30:13.835  INFO 1320 --- [           main] org.hibernate.tool.hbm2ddl.SchemaExport  : HHH000230: Schema export complete
2015-10-15 16:30:14.997  INFO 1320 --- [           main] v.e.training.dao.IProjectRepositoryTest  : Started IProjectRepositoryTest in 4.399 seconds (JVM running for 5.012)
]]></system-out>
  </testcase>
  <testcase name="testFindOneWithQueryDSL" classname="vn.elca.training.dao.IProjectRepositoryTest" time="0.422">
    <error type="java.lang.NullPointerException:">java.lang.NullPointerException: null
	at vn.elca.training.dao.IProjectRepositoryTest.testFindOneWithQueryDSL(IProjectRepositoryTest.java:46)
</error>
    <system-out><![CDATA[2015-10-15 16:30:15.429 DEBUG 1320 --- [           main] org.hibernate.SQL                        : select project0_.id as id1_0_, project0_.finishing_date as finishin2_0_, project0_.name as name3_0_ from project project0_ where project0_.name=? limit ?
]]></system-out>
  </testcase>
</testsuite>